12/13/2016 10:17:24 AM	This log contains information about the import schema operation into project 'airplane' on computer 'MCIESLA' by user 'mciesla'.
12/13/2016 10:17:25 AM	Import of database schema has started.
12/13/2016 10:17:29 AM	Gathering database options
12/13/2016 10:17:29 AM	Gathering users
12/13/2016 10:17:29 AM	Gathering roles
12/13/2016 10:17:29 AM	Gathering application roles
12/13/2016 10:17:29 AM	Gathering role memberships
12/13/2016 10:17:29 AM	Gathering filegroups
12/13/2016 10:17:29 AM	Gathering full-text catalogs
12/13/2016 10:17:29 AM	Gathering assemblies
12/13/2016 10:17:29 AM	Gathering certificates
12/13/2016 10:17:29 AM	Gathering asymmetric keys
12/13/2016 10:17:29 AM	Gathering symmetric keys
12/13/2016 10:17:29 AM	Gathering encrypted symmetric keys
12/13/2016 10:17:29 AM	Gathering schemas
12/13/2016 10:17:29 AM	Gathering XML schema collections
12/13/2016 10:17:29 AM	Gathering user-defined data types
12/13/2016 10:17:29 AM	Gathering user-defined types
12/13/2016 10:17:29 AM	Gathering table types
12/13/2016 10:17:29 AM	Gathering unique keys for table types
12/13/2016 10:17:29 AM	Gathering primary keys for table types
12/13/2016 10:17:29 AM	Gathering indexes for table types
12/13/2016 10:17:29 AM	Gathering check constraints for table types
12/13/2016 10:17:29 AM	Gathering default constraints for table types
12/13/2016 10:17:29 AM	Gathering partition functions
12/13/2016 10:17:29 AM	Gathering partition schemes
12/13/2016 10:17:29 AM	Gathering functions
12/13/2016 10:17:29 AM	Gathering encrypted functions
12/13/2016 10:17:29 AM	Gathering aggregates
12/13/2016 10:17:29 AM	Gathering procedures
12/13/2016 10:17:29 AM	Gathering encrypted procedures
12/13/2016 10:17:29 AM	Gathering tables
12/13/2016 10:17:29 AM	Gathering primary keys
12/13/2016 10:17:29 AM	Gathering unique constraints
12/13/2016 10:17:29 AM	Gathering foreign keys
12/13/2016 10:17:29 AM	Gathering default constraints
12/13/2016 10:17:29 AM	Gathering check constraints
12/13/2016 10:17:29 AM	Gathering views
12/13/2016 10:17:29 AM	Gathering encrypted views
12/13/2016 10:17:29 AM	Gathering indexes
12/13/2016 10:17:29 AM	Gathering statistics
12/13/2016 10:17:29 AM	Gathering full-text index stoplists
12/13/2016 10:17:29 AM	Gathering search property lists
12/13/2016 10:17:29 AM	Gathering search properties
12/13/2016 10:17:29 AM	Gathering full-text indexes
12/13/2016 10:17:29 AM	Gathering column store indexes
12/13/2016 10:17:29 AM	Gathering spatial indexes
12/13/2016 10:17:29 AM	Gathering XML indexes
12/13/2016 10:17:29 AM	Gathering Selective XML indexes
12/13/2016 10:17:29 AM	Gathering encrypted triggers
12/13/2016 10:17:29 AM	Gathering triggers
12/13/2016 10:17:29 AM	Gathering encrypted and clr ddl triggers
12/13/2016 10:17:29 AM	Gathering ddl triggers
12/13/2016 10:17:29 AM	Gathering synonyms
12/13/2016 10:17:29 AM	Gathering defaults
12/13/2016 10:17:29 AM	Gathering data constraint uddt bindings
12/13/2016 10:17:29 AM	Gathering rules
12/13/2016 10:17:29 AM	Gathering data constraint uddt bindings
12/13/2016 10:17:29 AM	Gathering message types
12/13/2016 10:17:30 AM	Gathering queues
12/13/2016 10:17:30 AM	Gathering contracts
12/13/2016 10:17:30 AM	Gathering services
12/13/2016 10:17:30 AM	Gathering event notifications
12/13/2016 10:17:30 AM	Gathering remote service bindings
12/13/2016 10:17:30 AM	Gathering broker priorities
12/13/2016 10:17:30 AM	Gathering signatures
12/13/2016 10:17:30 AM	Gathering data compression options
12/13/2016 10:17:30 AM	Gathering sequence types
12/13/2016 10:17:30 AM	Gathering extended properties
12/13/2016 10:17:30 AM	Gathering credentials
12/13/2016 10:17:30 AM	Gathering logins
12/13/2016 10:17:30 AM	Gathering server audits
12/13/2016 10:17:30 AM	Scanning project for duplicate elements
12/13/2016 10:17:30 AM	Finished duplicate element processing
12/13/2016 10:17:30 AM	Finished importing database.
12/13/2016 10:17:30 AM	A summary of the import was saved to the following location: C:\Users\mciesla\documents\visual studio 2015\Projects\airplane\airplane\Import Schema Logs\airplane_20161213091724.log
12/13/2016 10:17:30 AM	Click Finish to continue...
